Arguments: 
  C:\Program Files\nodejs\node.exe C:\Program Files (x86)\Yarn\bin\yarn.js add celebrate

PATH: 
  C:\Program Files (x86)\Embarcadero\RAD Studio\7.0\bin;C:\Users\Public\Documents\RAD Studio\7.0\Bpl;C:\Program Files (x86)\Common Files\Oracle\Java\javapath;C:\WINDOWS\system32;C:\WINDOWS;C:\WINDOWS\System32\Wbem;C:\WINDOWS\System32\WindowsPowerShell\v1.0\;C:\WINDOWS\System32\OpenSSH\;C:\Program Files\Git\cmd;C:\Users\logistica5\AppData\Local\Android\Sdk\tools;C:\Users\logistica5\AppData\Local\Android\Sdk\platform-tools;C:\Users\logistica5\AppData\Local\Android\Sdk\tools\bin;C:\Program Files\Java\jdk1.8.0_231\bin;C:\ProgramData\chocolatey\bin;C:\Program Files (x86)\Yarn\bin\;C:\Users\logistica5\AppData\Local\Android\Sdk\platform-tools;C:\Users\logistica5\AppData\Local\Android\Sdk\tools\bin;C:\Users\logistica5\AppData\Local\Android\Sdk\emulator;C:\Gradle\gradle-6.1.1\bin;;C:\Program Files (x86)\Microsoft SQL Server\100\Tools\Binn\;C:\Program Files\Microsoft SQL Server\100\Tools\Binn\;C:\Program Files\Microsoft SQL Server\100\DTS\Binn\;C:\Program Files (x86)\Microsoft SQL Server\100\Tools\Binn\VSShell\Common7\IDE\;C:\Program Files (x86)\Microsoft Visual Studio 9.0\Common7\IDE\PrivateAssemblies\;C:\Program Files (x86)\Microsoft SQL Server\100\DTS\Binn\;C:\Program Files\nodejs\;C:\Program Files\Docker\Docker\resources\bin;C:\ProgramData\DockerDesktop\version-bin;C:\Users\logistica5\AppData\Local\Microsoft\WindowsApps;C:\Users\logistica5\AppData\Local\Programs\Microsoft VS Code\bin;C:\Users\logistica5\AppData\Local\Yarn\bin;C:\Users\logistica5\AppData\Local\hyper\app-3.0.2\resources\bin;C:\Users\logistica5\AppData\Local\Google\Cloud SDK\google-cloud-sdk\bin;C:\Users\logistica5\AppData\Roaming\npm

Yarn version: 
  1.17.3

Node version: 
  12.16.1

Platform: 
  win32 x64

Trace: 
  Error: EPERM: operation not permitted, unlink 'C:\Users\logistica5\Desktop\BootCamp\Omnistack11\backend\node_modules\sqlite3\lib\binding\node-v72-win32-x64\node_sqlite3.node'

npm manifest: 
  {
    "name": "backend",
    "version": "1.0.0",
    "description": "",
    "main": "index.js",
    "scripts": {
      "start": "nodemon src/index.js"
    },
    "keywords": [],
    "author": "",
    "license": "ISC",
    "dependencies": {
      "cors": "^2.8.5",
      "express": "^4.17.1",
      "knex": "^0.20.13",
      "sqlite3": "^4.1.1"
    },
    "devDependencies": {
      "nodemon": "^2.0.2"
    }
  }

yarn manifest: 
  No manifest

Lockfile: 
  No lockfile
